{"uid":"5dcd63e5272357fb","name":"shouldExecuteWithByteArraysForSelect()","fullName":"integration.tests.ParquetStatementTest.shouldExecuteWithByteArraysForSelect","historyId":"f7c6b06adaecddcb697ecf067dcae9d0","time":{"start":1764992809859,"stop":1764992810539,"duration":680},"description":"","status":"broken","statusMessage":"Server failed to execute query with the following error:\nYou are attempting to run a query on engine 'ecosystem_parquet_ingestion', but either it does not exist, it is stopped, or you don't have permission to access it.  Make sure the engine is running or try running the query on a different engine.\n\ninternal error:\nResponse{protocol=h2, code=404, message=, url=https://automation-firebolt.api.us-east-1.staging.firebolt.io/?database=integration_testing_u17_1764992635007&engine=ecosystem_parquet_ingestion&compress=1&query_label=4aa3a25c-5ec0-4de1-b302-8c8ad148e6ce}\ndate: Sat, 06 Dec 2025 03:46:50 GMT\ncontent-type: text/plain; charset=utf-8\ncontent-length: 244\nvary: Origin\nx-content-type-options: nosniff\nx-firebolt-request-id: f6df7178-1103-48c7-aec3-31768d20cfa1\nx-trace-id: 690ff09606e56be95b126a0dc2f0d409\n","statusTrace":"com.firebolt.jdbc.exception.FireboltException: Server failed to execute query with the following error:\nYou are attempting to run a query on engine 'ecosystem_parquet_ingestion', but either it does not exist, it is stopped, or you don't have permission to access it.  Make sure the engine is running or try running the query on a different engine.\n\ninternal error:\nResponse{protocol=h2, code=404, message=, url=https://automation-firebolt.api.us-east-1.staging.firebolt.io/?database=integration_testing_u17_1764992635007&engine=ecosystem_parquet_ingestion&compress=1&query_label=4aa3a25c-5ec0-4de1-b302-8c8ad148e6ce}\ndate: Sat, 06 Dec 2025 03:46:50 GMT\ncontent-type: text/plain; charset=utf-8\ncontent-length: 244\nvary: Origin\nx-content-type-options: nosniff\nx-firebolt-request-id: f6df7178-1103-48c7-aec3-31768d20cfa1\nx-trace-id: 690ff09606e56be95b126a0dc2f0d409\n\n\tat com.firebolt.jdbc.client.FireboltClient.validateResponse(FireboltClient.java:255)\n\tat com.firebolt.jdbc.client.query.StatementClientImpl.validateResponse(StatementClientImpl.java:423)\n\tat com.firebolt.jdbc.client.FireboltClient.execute(FireboltClient.java:116)\n\tat com.firebolt.jdbc.client.query.StatementClientImpl.postSqlStatement(StatementClientImpl.java:272)\n\tat com.firebolt.jdbc.client.query.StatementClientImpl.lambda$executeSqlStatementWithRetryOnUnauthorized$3(StatementClientImpl.java:244)\n\tat com.firebolt.jdbc.client.query.StatementClientImpl.executeWithRetryOnUnauthorized(StatementClientImpl.java:257)\n\tat com.firebolt.jdbc.client.query.StatementClientImpl.executeSqlStatementWithRetryOnUnauthorized(StatementClientImpl.java:243)\n\tat com.firebolt.jdbc.client.query.StatementClientImpl.lambda$executeSqlStatement$1(StatementClientImpl.java:140)\n\tat com.firebolt.jdbc.client.query.StatementClientImpl.executeSqlStatementInternal(StatementClientImpl.java:231)\n\tat com.firebolt.jdbc.client.query.StatementClientImpl.executeSqlStatement(StatementClientImpl.java:139)\n\tat com.firebolt.jdbc.service.FireboltStatementService.lambda$execute$0(FireboltStatementService.java:60)\n\tat com.firebolt.jdbc.service.FireboltStatementService.executeStatementInternal(FireboltStatementService.java:113)\n\tat com.firebolt.jdbc.service.FireboltStatementService.execute(FireboltStatementService.java:59)\n\tat com.firebolt.jdbc.statement.FireboltStatement.lambda$execute$1(FireboltStatement.java:121)\n\tat com.firebolt.jdbc.statement.FireboltStatement.executeStatement(FireboltStatement.java:150)\n\tat com.firebolt.jdbc.statement.FireboltStatement.execute(FireboltStatement.java:121)\n\tat com.firebolt.jdbc.statement.FireboltStatement.executeStatements(FireboltStatement.java:99)\n\tat com.firebolt.jdbc.statement.FireboltStatement.execute(FireboltStatement.java:78)\n\tat com.firebolt.jdbc.statement.FireboltStatement.execute(FireboltStatement.java:66)\n\tat integration.tests.ParquetStatementTest.beforeEach(ParquetStatementTest.java:74)\n\tat java.base/java.lang.reflect.Method.invoke(Method.java:569)\n\tat io.qameta.allure.junit5.AllureJunit5.processFixture(AllureJunit5.java:138)\n\tat io.qameta.allure.junit5.AllureJunit5.interceptBeforeEachMethod(AllureJunit5.java:116)\n\tat java.base/java.util.ArrayList.forEach(ArrayList.java:1511)\n\tat java.base/java.util.ArrayList.forEach(ArrayList.java:1511)\n","flaky":false,"newFailed":false,"newBroken":false,"newPassed":false,"retriesCount":0,"retriesStatusChange":false,"beforeStages":[{"name":"beforeEach","time":{"start":1764992809865,"stop":1764992810247,"duration":382},"status":"broken","statusMessage":"Server failed to execute query with the following error:\nYou are attempting to run a query on engine 'ecosystem_parquet_ingestion', but either it does not exist, it is stopped, or you don't have permission to access it.  Make sure the engine is running or try running the query on a different engine.\n\ninternal error:\nResponse{protocol=h2, code=404, message=, url=https://automation-firebolt.api.us-east-1.staging.firebolt.io/?database=integration_testing_u17_1764992635007&engine=ecosystem_parquet_ingestion&compress=1&query_label=4aa3a25c-5ec0-4de1-b302-8c8ad148e6ce}\ndate: Sat, 06 Dec 2025 03:46:50 GMT\ncontent-type: text/plain; charset=utf-8\ncontent-length: 244\nvary: Origin\nx-content-type-options: nosniff\nx-firebolt-request-id: f6df7178-1103-48c7-aec3-31768d20cfa1\nx-trace-id: 690ff09606e56be95b126a0dc2f0d409\n","statusTrace":"com.firebolt.jdbc.exception.FireboltException: Server failed to execute query with the following error:\nYou are attempting to run a query on engine 'ecosystem_parquet_ingestion', but either it does not exist, it is stopped, or you don't have permission to access it.  Make sure the engine is running or try running the query on a different engine.\n\ninternal error:\nResponse{protocol=h2, code=404, message=, url=https://automation-firebolt.api.us-east-1.staging.firebolt.io/?database=integration_testing_u17_1764992635007&engine=ecosystem_parquet_ingestion&compress=1&query_label=4aa3a25c-5ec0-4de1-b302-8c8ad148e6ce}\ndate: Sat, 06 Dec 2025 03:46:50 GMT\ncontent-type: text/plain; charset=utf-8\ncontent-length: 244\nvary: Origin\nx-content-type-options: nosniff\nx-firebolt-request-id: f6df7178-1103-48c7-aec3-31768d20cfa1\nx-trace-id: 690ff09606e56be95b126a0dc2f0d409\n\n\tat com.firebolt.jdbc.client.FireboltClient.validateResponse(FireboltClient.java:255)\n\tat com.firebolt.jdbc.client.query.StatementClientImpl.validateResponse(StatementClientImpl.java:423)\n\tat com.firebolt.jdbc.client.FireboltClient.execute(FireboltClient.java:116)\n\tat com.firebolt.jdbc.client.query.StatementClientImpl.postSqlStatement(StatementClientImpl.java:272)\n\tat com.firebolt.jdbc.client.query.StatementClientImpl.lambda$executeSqlStatementWithRetryOnUnauthorized$3(StatementClientImpl.java:244)\n\tat com.firebolt.jdbc.client.query.StatementClientImpl.executeWithRetryOnUnauthorized(StatementClientImpl.java:257)\n\tat com.firebolt.jdbc.client.query.StatementClientImpl.executeSqlStatementWithRetryOnUnauthorized(StatementClientImpl.java:243)\n\tat com.firebolt.jdbc.client.query.StatementClientImpl.lambda$executeSqlStatement$1(StatementClientImpl.java:140)\n\tat com.firebolt.jdbc.client.query.StatementClientImpl.executeSqlStatementInternal(StatementClientImpl.java:231)\n\tat com.firebolt.jdbc.client.query.StatementClientImpl.executeSqlStatement(StatementClientImpl.java:139)\n\tat com.firebolt.jdbc.service.FireboltStatementService.lambda$execute$0(FireboltStatementService.java:60)\n\tat com.firebolt.jdbc.service.FireboltStatementService.executeStatementInternal(FireboltStatementService.java:113)\n\tat com.firebolt.jdbc.service.FireboltStatementService.execute(FireboltStatementService.java:59)\n\tat com.firebolt.jdbc.statement.FireboltStatement.lambda$execute$1(FireboltStatement.java:121)\n\tat com.firebolt.jdbc.statement.FireboltStatement.executeStatement(FireboltStatement.java:150)\n\tat com.firebolt.jdbc.statement.FireboltStatement.execute(FireboltStatement.java:121)\n\tat com.firebolt.jdbc.statement.FireboltStatement.executeStatements(FireboltStatement.java:99)\n\tat com.firebolt.jdbc.statement.FireboltStatement.execute(FireboltStatement.java:78)\n\tat com.firebolt.jdbc.statement.FireboltStatement.execute(FireboltStatement.java:66)\n\tat integration.tests.ParquetStatementTest.beforeEach(ParquetStatementTest.java:74)\n\tat java.base/jdk.internal.reflect.NativeMethodAccessorImpl.invoke0(Native Method)\n\tat java.base/jdk.internal.reflect.NativeMethodAccessorImpl.invoke(NativeMethodAccessorImpl.java:77)\n\tat java.base/jdk.internal.reflect.DelegatingMethodAccessorImpl.invoke(DelegatingMethodAccessorImpl.java:43)\n\tat java.base/java.lang.reflect.Method.invoke(Method.java:569)\n\tat org.junit.platform.commons.util.ReflectionUtils.invokeMethod(ReflectionUtils.java:787)\n\tat org.junit.platform.commons.support.ReflectionSupport.invokeMethod(ReflectionSupport.java:478)\n\tat org.junit.jupiter.engine.execution.MethodInvocation.proceed(MethodInvocation.java:60)\n\tat org.junit.jupiter.engine.execution.InvocationInterceptorChain$ValidatingInvocation.proceed(InvocationInterceptorChain.java:131)\n\tat io.qameta.allure.junit5.AllureJunit5.processFixture(AllureJunit5.java:138)\n\tat io.qameta.allure.junit5.AllureJunit5.interceptBeforeEachMethod(AllureJunit5.java:116)\n\tat org.junit.jupiter.engine.execution.InterceptingExecutableInvoker$ReflectiveInterceptorCall.lambda$ofVoidMethod$0(InterceptingExecutableInvoker.java:112)\n\tat org.junit.jupiter.engine.execution.InterceptingExecutableInvoker.lambda$invoke$0(InterceptingExecutableInvoker.java:94)\n\tat org.junit.jupiter.engine.execution.InvocationInterceptorChain$InterceptedInvocation.proceed(InvocationInterceptorChain.java:106)\n\tat org.junit.jupiter.engine.extension.TimeoutExtension.intercept(TimeoutExtension.java:161)\n\tat org.junit.jupiter.engine.extension.TimeoutExtension.interceptLifecycleMethod(TimeoutExtension.java:133)\n\tat org.junit.jupiter.engine.extension.TimeoutExtension.interceptBeforeEachMethod(TimeoutExtension.java:83)\n\tat org.junit.jupiter.engine.execution.InterceptingExecutableInvoker$ReflectiveInterceptorCall.lambda$ofVoidMethod$0(InterceptingExecutableInvoker.java:112)\n\tat org.junit.jupiter.engine.execution.InterceptingExecutableInvoker.lambda$invoke$0(InterceptingExecutableInvoker.java:94)\n\tat org.junit.jupiter.engine.execution.InvocationInterceptorChain$InterceptedInvocation.proceed(InvocationInterceptorChain.java:106)\n\tat org.junit.jupiter.engine.execution.InvocationInterceptorChain.proceed(InvocationInterceptorChain.java:64)\n\tat org.junit.jupiter.engine.execution.InvocationInterceptorChain.chainAndInvoke(InvocationInterceptorChain.java:45)\n\tat org.junit.jupiter.engine.execution.InvocationInterceptorChain.invoke(InvocationInterceptorChain.java:37)\n\tat org.junit.jupiter.engine.execution.InterceptingExecutableInvoker.invoke(InterceptingExecutableInvoker.java:93)\n\tat org.junit.jupiter.engine.execution.InterceptingExecutableInvoker.invoke(InterceptingExecutableInvoker.java:87)\n\tat org.junit.jupiter.engine.descriptor.ClassBasedTestDescriptor.invokeMethodInExtensionContext(ClassBasedTestDescriptor.java:547)\n\tat org.junit.jupiter.engine.descriptor.ClassBasedTestDescriptor.lambda$synthesizeBeforeEachMethodAdapter$20(ClassBasedTestDescriptor.java:532)\n\tat org.junit.jupiter.engine.descriptor.TestMethodTestDescriptor.lambda$invokeBeforeEachMethods$2(TestMethodTestDescriptor.java:193)\n\tat org.junit.jupiter.engine.descriptor.CallbackSupport.lambda$invokeBeforeCallbacks$0(CallbackSupport.java:34)\n\tat org.junit.platform.engine.support.hierarchical.ThrowableCollector.execute(ThrowableCollector.java:73)\n\tat org.junit.jupiter.engine.descriptor.CallbackSupport.invokeBeforeCallbacks(CallbackSupport.java:34)\n\tat org.junit.jupiter.engine.descriptor.TestMethodTestDescriptor.invokeBeforeEachMethods(TestMethodTestDescriptor.java:191)\n\tat org.junit.jupiter.engine.descriptor.TestMethodTestDescriptor.execute(TestMethodTestDescriptor.java:155)\n\tat org.junit.jupiter.engine.descriptor.TestMethodTestDescriptor.execute(TestMethodTestDescriptor.java:70)\n\tat org.junit.platform.engine.support.hierarchical.NodeTestTask.lambda$executeRecursively$6(NodeTestTask.java:157)\n\tat org.junit.platform.engine.support.hierarchical.ThrowableCollector.execute(ThrowableCollector.java:73)\n\tat org.junit.platform.engine.support.hierarchical.NodeTestTask.lambda$executeRecursively$8(NodeTestTask.java:147)\n\tat org.junit.platform.engine.support.hierarchical.Node.around(Node.java:137)\n\tat org.junit.platform.engine.support.hierarchical.NodeTestTask.lambda$executeRecursively$9(NodeTestTask.java:145)\n\tat org.junit.platform.engine.support.hierarchical.ThrowableCollector.execute(ThrowableCollector.java:73)\n\tat org.junit.platform.engine.support.hierarchical.NodeTestTask.executeRecursively(NodeTestTask.java:144)\n\tat org.junit.platform.engine.support.hierarchical.NodeTestTask.execute(NodeTestTask.java:101)\n\tat java.base/java.util.ArrayList.forEach(ArrayList.java:1511)\n\tat org.junit.platform.engine.support.hierarchical.SameThreadHierarchicalTestExecutorService.invokeAll(SameThreadHierarchicalTestExecutorService.java:41)\n\tat org.junit.platform.engine.support.hierarchical.NodeTestTask.lambda$executeRecursively$6(NodeTestTask.java:161)\n\tat org.junit.platform.engine.support.hierarchical.ThrowableCollector.execute(ThrowableCollector.java:73)\n\tat org.junit.platform.engine.support.hierarchical.NodeTestTask.lambda$executeRecursively$8(NodeTestTask.java:147)\n\tat org.junit.platform.engine.support.hierarchical.Node.around(Node.java:137)\n\tat org.junit.platform.engine.support.hierarchical.NodeTestTask.lambda$executeRecursively$9(NodeTestTask.java:145)\n\tat org.junit.platform.engine.support.hierarchical.ThrowableCollector.execute(ThrowableCollector.java:73)\n\tat org.junit.platform.engine.support.hierarchical.NodeTestTask.executeRecursively(NodeTestTask.java:144)\n\tat org.junit.platform.engine.support.hierarchical.NodeTestTask.execute(NodeTestTask.java:101)\n\tat java.base/java.util.ArrayList.forEach(ArrayList.java:1511)\n\tat org.junit.platform.engine.support.hierarchical.SameThreadHierarchicalTestExecutorService.invokeAll(SameThreadHierarchicalTestExecutorService.java:41)\n\tat org.junit.platform.engine.support.hierarchical.NodeTestTask.lambda$executeRecursively$6(NodeTestTask.java:161)\n\tat org.junit.platform.engine.support.hierarchical.ThrowableCollector.execute(ThrowableCollector.java:73)\n\tat org.junit.platform.engine.support.hierarchical.NodeTestTask.lambda$executeRecursively$8(NodeTestTask.java:147)\n\tat org.junit.platform.engine.support.hierarchical.Node.around(Node.java:137)\n\tat org.junit.platform.engine.support.hierarchical.NodeTestTask.lambda$executeRecursively$9(NodeTestTask.java:145)\n\tat org.junit.platform.engine.support.hierarchical.ThrowableCollector.execute(ThrowableCollector.java:73)\n\tat org.junit.platform.engine.support.hierarchical.NodeTestTask.executeRecursively(NodeTestTask.java:144)\n\tat org.junit.platform.engine.support.hierarchical.NodeTestTask.execute(NodeTestTask.java:101)\n\tat org.junit.platform.engine.support.hierarchical.SameThreadHierarchicalTestExecutorService.submit(SameThreadHierarchicalTestExecutorService.java:35)\n\tat org.junit.platform.engine.support.hierarchical.HierarchicalTestExecutor.execute(HierarchicalTestExecutor.java:57)\n\tat org.junit.platform.engine.support.hierarchical.HierarchicalTestEngine.execute(HierarchicalTestEngine.java:54)\n\tat org.junit.platform.launcher.core.EngineExecutionOrchestrator.executeEngine(EngineExecutionOrchestrator.java:230)\n\tat org.junit.platform.launcher.core.EngineExecutionOrchestrator.failOrExecuteEngine(EngineExecutionOrchestrator.java:204)\n\tat org.junit.platform.launcher.core.EngineExecutionOrchestrator.execute(EngineExecutionOrchestrator.java:172)\n\tat org.junit.platform.launcher.core.EngineExecutionOrchestrator.execute(EngineExecutionOrchestrator.java:101)\n\tat org.junit.platform.launcher.core.EngineExecutionOrchestrator.lambda$execute$0(EngineExecutionOrchestrator.java:64)\n\tat org.junit.platform.launcher.core.EngineExecutionOrchestrator.withInterceptedStreams(EngineExecutionOrchestrator.java:150)\n\tat org.junit.platform.launcher.core.EngineExecutionOrchestrator.execute(EngineExecutionOrchestrator.java:63)\n\tat org.junit.platform.launcher.core.DefaultLauncher.execute(DefaultLauncher.java:109)\n\tat org.junit.platform.launcher.core.DefaultLauncher.execute(DefaultLauncher.java:91)\n\tat org.junit.platform.launcher.core.DelegatingLauncher.execute(DelegatingLauncher.java:47)\n\tat org.junit.platform.launcher.core.InterceptingLauncher.lambda$execute$1(InterceptingLauncher.java:39)\n\tat org.junit.platform.launcher.core.ClasspathAlignmentCheckingLauncherInterceptor.intercept(ClasspathAlignmentCheckingLauncherInterceptor.java:25)\n\tat org.junit.platform.launcher.core.InterceptingLauncher.execute(InterceptingLauncher.java:38)\n\tat org.junit.platform.launcher.core.DelegatingLauncher.execute(DelegatingLauncher.java:47)\n\tat org.gradle.api.internal.tasks.testing.junitplatform.JUnitPlatformTestClassProcessor$CollectAllTestClassesExecutor.processAllTestClasses(JUnitPlatformTestClassProcessor.java:124)\n\tat org.gradle.api.internal.tasks.testing.junitplatform.JUnitPlatformTestClassProcessor$CollectAllTestClassesExecutor.access$000(JUnitPlatformTestClassProcessor.java:99)\n\tat org.gradle.api.internal.tasks.testing.junitplatform.JUnitPlatformTestClassProcessor.stop(JUnitPlatformTestClassProcessor.java:94)\n\tat org.gradle.api.internal.tasks.testing.SuiteTestClassProcessor.stop(SuiteTestClassProcessor.java:63)\n\tat java.base/jdk.internal.reflect.NativeMethodAccessorImpl.invoke0(Native Method)\n\tat java.base/jdk.internal.reflect.NativeMethodAccessorImpl.invoke(NativeMethodAccessorImpl.java:77)\n\tat java.base/jdk.internal.reflect.DelegatingMethodAccessorImpl.invoke(DelegatingMethodAccessorImpl.java:43)\n\tat java.base/java.lang.reflect.Method.invoke(Method.java:569)\n\tat org.gradle.internal.dispatch.ReflectionDispatch.dispatch(ReflectionDispatch.java:36)\n\tat org.gradle.internal.dispatch.ReflectionDispatch.dispatch(ReflectionDispatch.java:24)\n\tat org.gradle.internal.dispatch.ContextClassLoaderDispatch.dispatch(ContextClassLoaderDispatch.java:33)\n\tat org.gradle.internal.dispatch.ProxyDispatchAdapter$DispatchingInvocationHandler.invoke(ProxyDispatchAdapter.java:92)\n\tat jdk.proxy2/jdk.proxy2.$Proxy6.stop(Unknown Source)\n\tat org.gradle.api.internal.tasks.testing.worker.TestWorker$3.run(TestWorker.java:200)\n\tat org.gradle.api.internal.tasks.testing.worker.TestWorker.executeAndMaintainThreadName(TestWorker.java:132)\n\tat org.gradle.api.internal.tasks.testing.worker.TestWorker.execute(TestWorker.java:103)\n\tat org.gradle.api.internal.tasks.testing.worker.TestWorker.execute(TestWorker.java:63)\n\tat org.gradle.process.internal.worker.child.ActionExecutionWorker.execute(ActionExecutionWorker.java:56)\n\tat org.gradle.process.internal.worker.child.SystemApplicationClassLoaderWorker.call(SystemApplicationClassLoaderWorker.java:121)\n\tat org.gradle.process.internal.worker.child.SystemApplicationClassLoaderWorker.call(SystemApplicationClassLoaderWorker.java:71)\n\tat worker.org.gradle.process.internal.worker.GradleWorkerMain.run(GradleWorkerMain.java:69)\n\tat worker.org.gradle.process.internal.worker.GradleWorkerMain.main(GradleWorkerMain.java:74)\n","steps":[],"attachments":[],"parameters":[],"stepsCount":0,"shouldDisplayMessage":true,"attachmentsCount":0,"hasContent":true,"attachmentStep":false}],"afterStages":[{"name":"afterEach","time":{"start":1764992810249,"stop":1764992810528,"duration":279},"status":"passed","steps":[],"attachments":[],"parameters":[],"stepsCount":0,"shouldDisplayMessage":false,"attachmentsCount":0,"hasContent":false,"attachmentStep":false}],"labels":[{"name":"tag","value":"v2"},{"name":"junit.platform.uniqueid","value":"[engine:junit-jupiter]/[class:integration.tests.ParquetStatementTest]/[method:shouldExecuteWithByteArraysForSelect()]"},{"name":"host","value":"runnervmoqczp"},{"name":"thread","value":"2602@runnervmoqczp.Test worker(1)"},{"name":"framework","value":"junit-platform"},{"name":"language","value":"java"},{"name":"package","value":"integration.tests.ParquetStatementTest"},{"name":"testClass","value":"integration.tests.ParquetStatementTest"},{"name":"testMethod","value":"shouldExecuteWithByteArraysForSelect"},{"name":"suite","value":"integration.tests.ParquetStatementTest"},{"name":"resultFormat","value":"allure2"}],"parameters":[],"links":[],"hidden":false,"retry":false,"extra":{"severity":"normal","retries":[],"categories":[{"name":"Test defects","matchedStatuses":[],"flaky":false}],"tags":["v2"]},"source":"5dcd63e5272357fb.json","parameterValues":[]}